Arguments: 
  /usr/local/Cellar/node@12/12.22.11/bin/node /usr/local/bin/yarn install

PATH: 
  /usr/local/opt/node@12/bin:/usr/local/go/bin:/usr/local/bin:/usr/bin:/bin:/usr/sbin:/sbin:/usr/local/sbin:/usr/local/go/bin:/usr/local/share/dotnet:~/.dotnet/tools:/Library/Apple/usr/bin:/Library/Frameworks/Mono.framework/Versions/Current/Commands:/usr/local/opt/node@12/bin

Yarn version: 
  1.22.10

Node version: 
  12.22.11

Platform: 
  darwin x64

Trace: 
  Error: EACCES: permission denied, open '/Users/user/.npmrc'

npm manifest: 
  {
    "name": "grow-limitless",
    "version": "1.0.0",
    "main": "node_modules/expo/AppEntry.js",
    "scripts": {
      "start": "expo start",
      "android": "expo start --android",
      "ios": "expo start --ios",
      "web": "expo start --web",
      "eject": "expo eject"
    },
    "dependencies": {
      "expo": "~45.0.0",
      "expo-status-bar": "~1.3.0",
      "react": "17.0.2",
      "react-dom": "17.0.2",
      "react-native": "0.68.2",
      "react-native-web": "0.17.7"
    },
    "devDependencies": {
      "@babel/core": "^7.12.9"
    },
    "private": true
  }

yarn manifest: 
  No manifest

Lockfile: 
  No lockfile
